c:\users\mjson\source\repos\project9\project9\x64\debug\vc143.pdb
c:\users\mjson\source\repos\project9\project9\x64\debug\vc143.idb
c:\users\mjson\source\repos\project9\project9\x64\debug\7.obj
c:\users\mjson\source\repos\project9\project9\x64\debug\6.obj
c:\users\mjson\source\repos\project9\project9\x64\debug\5.obj
c:\users\mjson\source\repos\project9\project9\x64\debug\4.obj
c:\users\mjson\source\repos\project9\project9\x64\debug\3.obj
c:\users\mjson\source\repos\project9\project9\x64\debug\2.obj
c:\users\mjson\source\repos\project9\project9\x64\debug\1.obj
c:\users\mjson\source\repos\project9\x64\debug\project9.exe
c:\users\mjson\source\repos\project9\x64\debug\project9.pdb
c:\users\mjson\source\repos\project9\project9\x64\debug\project9.ilk
c:\users\mjson\source\repos\project9\project9\x64\debug\7.obj.enc
c:\users\mjson\source\repos\project9\project9\x64\debug\project9.tlog\cl.command.1.tlog
c:\users\mjson\source\repos\project9\project9\x64\debug\project9.tlog\cl.items.tlog
c:\users\mjson\source\repos\project9\project9\x64\debug\project9.tlog\cl.read.1.tlog
c:\users\mjson\source\repos\project9\project9\x64\debug\project9.tlog\cl.write.1.tlog
c:\users\mjson\source\repos\project9\project9\x64\debug\project9.tlog\link.command.1.tlog
c:\users\mjson\source\repos\project9\project9\x64\debug\project9.tlog\link.read.1.tlog
c:\users\mjson\source\repos\project9\project9\x64\debug\project9.tlog\link.secondary.1.tlog
c:\users\mjson\source\repos\project9\project9\x64\debug\project9.tlog\link.write.1.tlog
